#
# A fatal error has been detected by the Java Runtime Environment:
#
#  EXCEPTION_ACCESS_VIOLATION (0xc0000005) at pc=0x0000000058407066, pid=4124, tid=0x00000000000033ac
#
# JRE version: Java(TM) SE Runtime Environment (8.0_181-b13) (build 1.8.0_181-b13)
# Java VM: Java HotSpot(TM) 64-Bit Server VM (25.181-b13 mixed mode windows-amd64 compressed oops)
# Problematic frame:
# V  [jvm.dll+0x237066]
#
# Failed to write core dump. Minidumps are not enabled by default on client versions of Windows
#
# If you would like to submit a bug report, please visit:
#   http://bugreport.java.com/bugreport/crash.jsp
#

---------------  T H R E A D  ---------------

Current thread (0x000000001c088000):  VMThread [stack: 0x000000001d120000,0x000000001d220000] [id=13228]

siginfo: ExceptionCode=0xc0000005, reading address 0x0000000000000008

Registers:
RAX=0x0000000000000000, RBX=0x000000001d21ec40, RCX=0x000000001d21ec40, RDX=0x0000000000000028
RSP=0x000000001d21e970, RBP=0x000000001d21f180, RSI=0x0000000000000000, RDI=0x000000001d21f310
R8 =0x0000000000000000, R9 =0x000000001bb6f208, R10=0x0000000000000008, R11=0x00000000587d7f18
R12=0x000000001bf95610, R13=0x000000001d21f140, R14=0x00000000000003d8, R15=0x000000001d21f130
RIP=0x0000000058407066, EFLAGS=0x0000000000010206

Top of Stack: (sp=0x000000001d21e970)
0x000000001d21e970:   000000001bf954f0 0000000058416dbb
0x000000001d21e980:   000000001c087120 000000001c087120
0x000000001d21e990:   000000076b10f700 000000076b10f638
0x000000001d21e9a0:   000000001d21f020 00000000584171b9
0x000000001d21e9b0:   000000001de48e80 000000001d21f080
0x000000001d21e9c0:   000000001d21f080 000000005841727b
0x000000001d21e9d0:   000000001de4a080 000000076b10f088
0x000000001d21e9e0:   0000d9f3593ca311 000000001de49a80
0x000000001d21e9f0:   000000000273f5d0 0000000002aa08da
0x000000001d21ea00:   0000000002aa0790 0000000700000000
0x000000001d21ea10:   000000000273f6b0 000000000273f5d0
0x000000001d21ea20:   000000076b167248 000000076b1671d0
0x000000001d21ea30:   000000076b166e78 000000076b165c68
0x000000001d21ea40:   000000076b1656d8 000000076b165660
0x000000001d21ea50:   000000076b164c90 000000076b164060
0x000000001d21ea60:   000000076b163fe8 000000076b163b50 

Instructions: (pc=0x0000000058407066)
0x0000000058407046:   01 00 00 48 8b 05 30 a8 5b 00 48 33 c4 48 89 84
0x0000000058407056:   24 30 01 00 00 4c 63 41 10 48 8b 41 08 48 8b d9
0x0000000058407066:   42 38 54 00 08 74 33 44 0f be c2 48 8d 4c 24 20
0x0000000058407076:   48 8d 15 13 e3 3e 00 e8 ee ec de ff 48 8d 0d 97 


Register to memory mapping:

RAX=0x0000000000000000 is an unknown value
RBX=0x000000001d21ec40 is an unknown value
RCX=0x000000001d21ec40 is an unknown value
RDX=0x0000000000000028 is an unknown value
RSP=0x000000001d21e970 is an unknown value
RBP=0x000000001d21f180 is an unknown value
RSI=0x0000000000000000 is an unknown value
RDI=0x000000001d21f310 is an unknown value
R8 =0x0000000000000000 is an unknown value
R9 =0x000000001bb6f208 is pointing into metadata
R10=0x0000000000000008 is an unknown value
R11=0x00000000587d7f18 is an unknown value
R12=0x000000001bf95610 is an unknown value
R13=0x000000001d21f140 is an unknown value
R14=0x00000000000003d8 is an unknown value
R15=0x000000001d21f130 is an unknown value


Stack: [0x000000001d120000,0x000000001d220000],  sp=0x000000001d21e970,  free space=1018k
Native frames: (J=compiled Java code, j=interpreted, Vv=VM code, C=native code)
V  [jvm.dll+0x237066]
V  [jvm.dll+0x2376e4]
V  [jvm.dll+0xff4a3]
V  [jvm.dll+0x102593]
V  [jvm.dll+0x10305f]
V  [jvm.dll+0x1038a5]
V  [jvm.dll+0x103af2]
V  [jvm.dll+0xc50be]
V  [jvm.dll+0xc5748]
V  [jvm.dll+0xc587a]
V  [jvm.dll+0xc5a78]
V  [jvm.dll+0x10f94a]
V  [jvm.dll+0x12d22f]
V  [jvm.dll+0x1bf3df]
V  [jvm.dll+0x24cc27]
V  [jvm.dll+0x24bec6]
V  [jvm.dll+0x24c361]
V  [jvm.dll+0x24c57e]
V  [jvm.dll+0x29e64a]
C  [msvcr100.dll+0x21d9f]
C  [msvcr100.dll+0x21e3b]
C  [KERNEL32.DLL+0x181f4]
C  [ntdll.dll+0x6a251]

VM_Operation (0x000000001db5f2d0): GetOrSetLocal, mode: safepoint, requested by thread 0x000000001c0d3800


---------------  P R O C E S S  ---------------

Java Threads: ( => current thread )
  0x000000001ddff000 JavaThread "Service Thread" daemon [_thread_blocked, id=16716, stack(0x000000001e460000,0x000000001e560000)]
  0x000000001dde9000 JavaThread "C1 CompilerThread2" daemon [_thread_blocked, id=13388, stack(0x000000001e360000,0x000000001e460000)]
  0x000000001de30000 JavaThread "C2 CompilerThread1" daemon [_thread_blocked, id=316, stack(0x000000001e260000,0x000000001e360000)]
  0x000000001dee3800 JavaThread "C2 CompilerThread0" daemon [_thread_blocked, id=9324, stack(0x000000001e160000,0x000000001e260000)]
  0x000000001c0da000 JavaThread "JDWP Command Reader" daemon [_thread_in_native, id=11544, stack(0x000000001dc60000,0x000000001dd60000)]
  0x000000001c0d8800 JavaThread "JDWP Event Helper Thread" daemon [_thread_blocked, id=15788, stack(0x000000001db60000,0x000000001dc60000)]
  0x000000001c0d3800 JavaThread "JDWP Transport Listener: dt_socket" daemon [_thread_blocked, id=17976, stack(0x000000001da60000,0x000000001db60000)]
  0x000000001c0c0000 JavaThread "Attach Listener" daemon [_thread_blocked, id=4904, stack(0x000000001d620000,0x000000001d720000)]
  0x000000001c0be800 JavaThread "Signal Dispatcher" daemon [_thread_blocked, id=6524, stack(0x000000001d520000,0x000000001d620000)]
  0x000000001c0aa800 JavaThread "Finalizer" daemon [_thread_blocked, id=14308, stack(0x000000001d320000,0x000000001d420000)]
  0x0000000002a91800 JavaThread "Reference Handler" daemon [_thread_blocked, id=17904, stack(0x000000001d220000,0x000000001d320000)]
  0x00000000029a3800 JavaThread "main" [_thread_blocked, id=5372, stack(0x0000000002640000,0x0000000002740000)]

Other Threads:
=>0x000000001c088000 VMThread [stack: 0x000000001d120000,0x000000001d220000] [id=13228]
  0x000000001de8c000 WatcherThread [stack: 0x000000001e560000,0x000000001e660000] [id=15948]

VM state:at safepoint (normal execution)

VM Mutex/Monitor currently owned by a thread:  ([mutex/lock_event])
[0x00000000029a0c50] Threads_lock - owner thread: 0x000000001c088000

Heap:
 PSYoungGen      total 76288K, used 9178K [0x000000076b100000, 0x0000000770600000, 0x00000007c0000000)
  eden space 65536K, 14% used [0x000000076b100000,0x000000076b9f68e0,0x000000076f100000)
  from space 10752K, 0% used [0x000000076fb80000,0x000000076fb80000,0x0000000770600000)
  to   space 10752K, 0% used [0x000000076f100000,0x000000076f100000,0x000000076fb80000)
 ParOldGen       total 175104K, used 0K [0x00000006c1200000, 0x00000006cbd00000, 0x000000076b100000)
  object space 175104K, 0% used [0x00000006c1200000,0x00000006c1200000,0x00000006cbd00000)
 Metaspace       used 5540K, capacity 5650K, committed 5760K, reserved 1056768K
  class space    used 595K, capacity 625K, committed 640K, reserved 1048576K

Card table byte_map: [0x0000000011e60000,0x0000000012660000] byte_map_base: 0x000000000e857000

Marking Bits: (ParMarkBitMap*) 0x00000000589f2d00
 Begin Bits: [0x0000000012fb0000, 0x0000000016f68000)
 End Bits:   [0x0000000016f68000, 0x000000001af20000)

Polling page: 0x00000000009a0000

CodeCache: size=245760Kb used=1811Kb max_used=1822Kb free=243948Kb
 bounds [0x0000000002aa0000, 0x0000000002d10000, 0x0000000011aa0000]
 total_blobs=516 nmethods=227 adapters=210
 compilation: enabled

Compilation events (10 events):
Event: 945.316 Thread 0x000000001dde9000  223       3       org.eclipse.jdt.launching.internal.org.objectweb.asm.MethodWriter::visitTypeInsn (116 bytes)
Event: 945.317 Thread 0x000000001dde9000 nmethod 223 0x0000000002c60910 code [0x0000000002c60ac0, 0x0000000002c610a8]
Event: 945.318 Thread 0x000000001dee3800  224       4       org.eclipse.jdt.launching.internal.org.objectweb.asm.ClassReader::readInt (52 bytes)
Event: 945.318 Thread 0x000000001dde9000  225       3       org.eclipse.jdt.launching.internal.org.objectweb.asm.Handler::getExceptionTableSize (10 bytes)
Event: 945.318 Thread 0x000000001dde9000 nmethod 225 0x0000000002c61310 code [0x0000000002c61480, 0x0000000002c616d0]
Event: 945.319 Thread 0x000000001dee3800 nmethod 224 0x0000000002c64550 code [0x0000000002c646a0, 0x0000000002c647b8]
Event: 986.876 Thread 0x000000001dde9000  226       3       org.eclipse.jdt.launching.internal.org.objectweb.asm.MethodWriter::visitFrame (706 bytes)
Event: 986.878 Thread 0x000000001dde9000 nmethod 226 0x0000000002c64890 code [0x0000000002c64d20, 0x0000000002c66dc8]
Event: 986.879 Thread 0x000000001de30000  227       4       org.eclipse.jdt.launching.internal.org.objectweb.asm.ByteVector::putByte (39 bytes)
Event: 986.880 Thread 0x000000001de30000 nmethod 227 0x0000000002c62c10 code [0x0000000002c62d60, 0x0000000002c62ee8]

GC Heap History (0 events):
No events

Deoptimization events (0 events):
No events

Classes redefined (4 events):
Event: 324.062 Thread 0x000000001c088000 redefined class name=edu.csulb.cecs277.Receipt, count=1
Event: 338.516 Thread 0x000000001c088000 redefined class name=edu.csulb.cecs277.Receipt, count=2
Event: 945.321 Thread 0x000000001c088000 redefined class name=edu.csulb.cecs277.Receipt, count=3
Event: 986.885 Thread 0x000000001c088000 redefined class name=edu.csulb.cecs277.Receipt, count=4

Internal exceptions (6 events):
Event: 0.064 Thread 0x00000000029a3800 Exception <a 'java/lang/NoSuchMethodError': Method sun.misc.Unsafe.defineClass(Ljava/lang/String;[BII)Ljava/lang/Class; name or signature does not match> (0x000000076b107cb0) thrown at [C:\re\workspace\8-2-build-windows-amd64-cygwin\jdk8u181\11358\hotspot
Event: 0.064 Thread 0x00000000029a3800 Exception <a 'java/lang/NoSuchMethodError': Method sun.misc.Unsafe.prefetchRead(Ljava/lang/Object;J)V name or signature does not match> (0x000000076b107f98) thrown at [C:\re\workspace\8-2-build-windows-amd64-cygwin\jdk8u181\11358\hotspot\src\share\vm\prim
Event: 0.442 Thread 0x00000000029a3800 Exception <a 'java/security/PrivilegedActionException'> (0x000000076b8c1dc8) thrown at [C:\re\workspace\8-2-build-windows-amd64-cygwin\jdk8u181\11358\hotspot\src\share\vm\prims\jvm.cpp, line 1435]
Event: 0.442 Thread 0x00000000029a3800 Exception <a 'java/security/PrivilegedActionException'> (0x000000076b8c21c0) thrown at [C:\re\workspace\8-2-build-windows-amd64-cygwin\jdk8u181\11358\hotspot\src\share\vm\prims\jvm.cpp, line 1435]
Event: 0.443 Thread 0x00000000029a3800 Exception <a 'java/security/PrivilegedActionException'> (0x000000076b8c6018) thrown at [C:\re\workspace\8-2-build-windows-amd64-cygwin\jdk8u181\11358\hotspot\src\share\vm\prims\jvm.cpp, line 1435]
Event: 0.443 Thread 0x00000000029a3800 Exception <a 'java/security/PrivilegedActionException'> (0x000000076b8c6410) thrown at [C:\re\workspace\8-2-build-windows-amd64-cygwin\jdk8u181\11358\hotspot\src\share\vm\prims\jvm.cpp, line 1435]

Events (10 events):
Event: 986.903 Executing VM operation: ChangeBreakpoints done
Event: 986.906 Executing VM operation: ChangeBreakpoints
Event: 986.906 Executing VM operation: ChangeBreakpoints done
Event: 986.907 Executing VM operation: EnterInterpOnlyMode
Event: 986.907 Executing VM operation: EnterInterpOnlyMode done
Event: 986.908 Executing VM operation: GetCurrentLocation
Event: 986.908 Executing VM operation: GetCurrentLocation done
Event: 986.908 Executing VM operation: ChangeSingleStep
Event: 986.908 Executing VM operation: ChangeSingleStep done
Event: 986.908 Executing VM operation: GetOrSetLocal


Dynamic libraries:
0x00007ff740b40000 - 0x00007ff740b77000 	C:\Program Files\Java\jre1.8.0_181\bin\javaw.exe
0x00007ffe2edd0000 - 0x00007ffe2efbd000 	C:\WINDOWS\SYSTEM32\ntdll.dll
0x00007ffe2df70000 - 0x00007ffe2e023000 	C:\WINDOWS\System32\KERNEL32.DLL
0x00007ffe2aee0000 - 0x00007ffe2b173000 	C:\WINDOWS\System32\KERNELBASE.dll
0x00007ffe2c430000 - 0x00007ffe2c4d3000 	C:\WINDOWS\System32\ADVAPI32.dll
0x00007ffe2e660000 - 0x00007ffe2e6fe000 	C:\WINDOWS\System32\msvcrt.dll
0x00007ffe2c390000 - 0x00007ffe2c42e000 	C:\WINDOWS\System32\sechost.dll
0x00007ffe2e760000 - 0x00007ffe2e882000 	C:\WINDOWS\System32\RPCRT4.dll
0x00007ffe2ddd0000 - 0x00007ffe2df67000 	C:\WINDOWS\System32\USER32.dll
0x00007ffe2b640000 - 0x00007ffe2b660000 	C:\WINDOWS\System32\win32u.dll
0x00007ffe2c1b0000 - 0x00007ffe2c1d9000 	C:\WINDOWS\System32\GDI32.dll
0x00007ffe2b180000 - 0x00007ffe2b31a000 	C:\WINDOWS\System32\gdi32full.dll
0x00007ffe2b350000 - 0x00007ffe2b3f0000 	C:\WINDOWS\System32\msvcp_win.dll
0x00007ffe2acd0000 - 0x00007ffe2adcc000 	C:\WINDOWS\System32\ucrtbase.dll
0x00007ffe162e0000 - 0x00007ffe16559000 	C:\WINDOWS\WinSxS\amd64_microsoft.windows.common-controls_6595b64144ccf1df_6.0.17763.288_none_05b73994071d7e74\COMCTL32.dll
0x00007ffe2da90000 - 0x00007ffe2ddbd000 	C:\WINDOWS\System32\combase.dll
0x00007ffe2a500000 - 0x00007ffe2a57e000 	C:\WINDOWS\System32\bcryptPrimitives.dll
0x00007ffe2bb10000 - 0x00007ffe2bb3e000 	C:\WINDOWS\System32\IMM32.DLL
0x0000000058d90000 - 0x0000000058e62000 	C:\Program Files\Java\jre1.8.0_181\bin\msvcr100.dll
0x00000000581d0000 - 0x0000000058a72000 	C:\Program Files\Java\jre1.8.0_181\bin\server\jvm.dll
0x00007ffe2b890000 - 0x00007ffe2b898000 	C:\WINDOWS\System32\PSAPI.DLL
0x00007ffe1f120000 - 0x00007ffe1f129000 	C:\WINDOWS\SYSTEM32\WSOCK32.dll
0x00007ffe2c140000 - 0x00007ffe2c1ad000 	C:\WINDOWS\System32\WS2_32.dll
0x00007ffe265d0000 - 0x00007ffe265f4000 	C:\WINDOWS\SYSTEM32\WINMM.dll
0x00007ffe25080000 - 0x00007ffe2508a000 	C:\WINDOWS\SYSTEM32\VERSION.dll
0x00007ffe265a0000 - 0x00007ffe265cd000 	C:\WINDOWS\SYSTEM32\WINMMBASE.dll
0x00007ffe2b5f0000 - 0x00007ffe2b63a000 	C:\WINDOWS\System32\cfgmgr32.dll
0x0000000058f50000 - 0x0000000058f5f000 	C:\Program Files\Java\jre1.8.0_181\bin\verify.dll
0x0000000058f20000 - 0x0000000058f49000 	C:\Program Files\Java\jre1.8.0_181\bin\java.dll
0x0000000058d50000 - 0x0000000058d85000 	C:\Program Files\Java\jre1.8.0_181\bin\jdwp.dll
0x0000000058d40000 - 0x0000000058d48000 	C:\Program Files\Java\jre1.8.0_181\bin\npt.dll
0x0000000058d10000 - 0x0000000058d33000 	C:\Program Files\Java\jre1.8.0_181\bin\instrument.dll
0x0000000058f00000 - 0x0000000058f16000 	C:\Program Files\Java\jre1.8.0_181\bin\zip.dll
0x00007ffe2c590000 - 0x00007ffe2da7f000 	C:\WINDOWS\System32\SHELL32.dll
0x00007ffe2ba00000 - 0x00007ffe2baa8000 	C:\WINDOWS\System32\shcore.dll
0x00007ffe2a580000 - 0x00007ffe2acca000 	C:\WINDOWS\System32\windows.storage.dll
0x00007ffe2a4b0000 - 0x00007ffe2a4d4000 	C:\WINDOWS\System32\profapi.dll
0x00007ffe2a430000 - 0x00007ffe2a48d000 	C:\WINDOWS\System32\powrprof.dll
0x00007ffe2e700000 - 0x00007ffe2e752000 	C:\WINDOWS\System32\shlwapi.dll
0x00007ffe2a4e0000 - 0x00007ffe2a4f1000 	C:\WINDOWS\System32\kernel.appcore.dll
0x00007ffe2b5d0000 - 0x00007ffe2b5e7000 	C:\WINDOWS\System32\cryptsp.dll
0x0000000058d00000 - 0x0000000058d09000 	C:\Program Files\Java\jre1.8.0_181\bin\dt_socket.dll
0x00007ffe0b280000 - 0x00007ffe0b296000 	C:\WINDOWS\system32\napinsp.dll
0x00007ffe0b370000 - 0x00007ffe0b38a000 	C:\WINDOWS\system32\pnrpnsp.dll
0x00007ffe29cc0000 - 0x00007ffe29d27000 	C:\WINDOWS\System32\mswsock.dll
0x00007ffe29a60000 - 0x00007ffe29b26000 	C:\WINDOWS\SYSTEM32\DNSAPI.dll
0x00007ffe2ddc0000 - 0x00007ffe2ddc8000 	C:\WINDOWS\System32\NSI.dll
0x00007ffe29a20000 - 0x00007ffe29a5d000 	C:\WINDOWS\SYSTEM32\IPHLPAPI.DLL
0x00007ffe0f870000 - 0x00007ffe0f87e000 	C:\WINDOWS\System32\winrnr.dll
0x00007ffe24600000 - 0x00007ffe2461b000 	C:\WINDOWS\system32\NLAapi.dll
0x00007ffe10570000 - 0x00007ffe10585000 	C:\WINDOWS\system32\wshbth.dll
0x00007ffe21360000 - 0x00007ffe213d9000 	C:\WINDOWS\System32\fwpuclnt.dll
0x00007ffe2b320000 - 0x00007ffe2b346000 	C:\WINDOWS\System32\bcrypt.dll
0x00007ffe21b70000 - 0x00007ffe21b7a000 	C:\Windows\System32\rasadhlp.dll
0x00007ffe1fc70000 - 0x00007ffe1fe5d000 	C:\WINDOWS\SYSTEM32\dbghelp.dll

VM Arguments:
jvm_args: -agentlib:jdwp=transport=dt_socket,suspend=y,address=localhost:62735 -javaagent:C:\Users\Jonathan\eclipse\java-photon\eclipse\configuration\org.eclipse.osgi\237\0\.cp\lib\javaagent-shaded.jar -Dfile.encoding=Cp1252 
java_command: edu.csulb.cecs277.Main
java_class_path (initial): C:\Program Files\Java\jre1.8.0_181\lib\resources.jar;C:\Program Files\Java\jre1.8.0_181\lib\rt.jar;C:\Program Files\Java\jre1.8.0_181\lib\jsse.jar;C:\Program Files\Java\jre1.8.0_181\lib\jce.jar;C:\Program Files\Java\jre1.8.0_181\lib\charsets.jar;C:\Program Files\Java\jre1.8.0_181\lib\jfr.jar;C:\Program Files\Java\jre1.8.0_181\lib\ext\access-bridge-64.jar;C:\Program Files\Java\jre1.8.0_181\lib\ext\cldrdata.jar;C:\Program Files\Java\jre1.8.0_181\lib\ext\dnsns.jar;C:\Program Files\Java\jre1.8.0_181\lib\ext\jaccess.jar;C:\Program Files\Java\jre1.8.0_181\lib\ext\jfxrt.jar;C:\Program Files\Java\jre1.8.0_181\lib\ext\localedata.jar;C:\Program Files\Java\jre1.8.0_181\lib\ext\nashorn.jar;C:\Program Files\Java\jre1.8.0_181\lib\ext\sunec.jar;C:\Program Files\Java\jre1.8.0_181\lib\ext\sunjce_provider.jar;C:\Program Files\Java\jre1.8.0_181\lib\ext\sunmscapi.jar;C:\Program Files\Java\jre1.8.0_181\lib\ext\sunpkcs11.jar;C:\Program Files\Java\jre1.8.0_181\lib\ext\zipfs.jar;C:\Users\Jonathan\Documents\git\Spring2019CECS277\Lab 2 - Tea Lounge\bin;C:\Users\Jonathan\eclipse\java-photon\eclipse\configuration\org.eclipse.osgi\237\0\.cp\lib\javaagent-shaded.jar
Launcher Type: SUN_STANDARD

Environment Variables:
PATH=C:/Program Files/Java/jre1.8.0_181/bin/server;C:/Program Files/Java/jre1.8.0_181/bin;C:/Program Files/Java/jre1.8.0_181/lib/amd64;C:\Program Files (x86)\Common Files\Oracle\Java\javapath;C:\Program Files\Common Files\Microsoft Shared\Windows Live;C:\Program Files (x86)\Common Files\Microsoft Shared\Windows Live;C:\ProgramData\Oracle\Java\javapath;C:\Windows\system32;C:\Windows;C:\Windows\System32\Wbem;C:\Windows\System32\WindowsPowerShell\v1.0\;C:\Program Files (x86)\Windows Kits\8.1\Windows Performance Toolkit\;C:\Program Files (x86)\QuickTime\QTSystem\;C:\Program Files (x86)\Windows Live\Shared;C:\Users\Jonathan\.dnx\bin;C:\Program Files\Microsoft DNX\Dnvm\;C:\Program Files\Microsoft SQL Server\130\Tools\Binn\;C:\Program Files (x86)\NVIDIA Corporation\PhysX\Common;C:\Program Files\Git\cmd;C:\Program Files\NVIDIA Corporation\NVIDIA NvDLISR;C:\WINDOWS\system32;C:\WINDOWS;C:\WINDOWS\System32\Wbem;C:\WINDOWS\System32\WindowsPowerShell\v1.0\;C:\WINDOWS\System32\OpenSSH\;C:\Program Files\dotnet\;C:\Users\Jonathan\AppData\Local\Programs\Python\Python36-32\Scripts\;C:\Users\Jonathan\AppData\Local\Programs\Python\Python36-32\;%USERPROFILE%\AppData\Local\Microsoft\WindowsApps;;C:\WINDOWS\system32;
USERNAME=Jonathan
OS=Windows_NT
PROCESSOR_IDENTIFIER=Intel64 Family 6 Model 60 Stepping 3, GenuineIntel



---------------  S Y S T E M  ---------------

OS: Windows 10.0 , 64 bit Build 17763 (10.0.17763.288)

CPU:total 4 (initial active 4) (4 cores per cpu, 1 threads per core) family 6 model 60 stepping 3, cmov, cx8, fxsr, mmx, sse, sse2, sse3, ssse3, sse4.1, sse4.2, popcnt, avx, avx2, aes, clmul, erms, lzcnt, tsc, tscinvbit, bmi1, bmi2

Memory: 4k page, physical 16703476k(9637828k free), swap 25017572k(12791636k free)

vm_info: Java HotSpot(TM) 64-Bit Server VM (25.181-b13) for windows-amd64 JRE (1.8.0_181-b13), built on Jul  7 2018 04:01:33 by "java_re" with MS VC++ 10.0 (VS2010)

time: Wed Feb 20 15:30:41 2019
elapsed time: 987 seconds (0d 0h 16m 27s)

